<?xml version="1.0" encoding="UTF-8"?>
<testng-results skipped="0" failed="0" ignored="0" total="1" passed="1">
  <reporter-output>
  </reporter-output>
  <suite name="nopcommerceV1" duration-ms="12844" started-at="2022-07-27T15:31:03Z" finished-at="2022-07-27T15:31:16Z">
    <groups>
    </groups>
    <test name="nopcommerceTest1" duration-ms="12844" started-at="2022-07-27T15:31:03Z" finished-at="2022-07-27T15:31:16Z">
      <class name="com.nopcommerce.testCases.TC_AddCustomerTest_003">
        <test-method status="PASS" signature="setup(java.lang.String)[pri:0, instance:com.nopcommerce.testCases.TC_AddCustomerTest_003@59a6e353]" name="setup" is-config="true" duration-ms="3727" started-at="2022-07-27T15:31:03Z" finished-at="2022-07-27T15:31:07Z">
          <params>
            <param index="0">
              <value>
                <![CDATA[chrome]]>
              </value>
            </param>
          </params>
          <reporter-output>
          </reporter-output>
        </test-method> <!-- setup -->
        <test-method status="PASS" signature="addNewCustomer()[pri:0, instance:com.nopcommerce.testCases.TC_AddCustomerTest_003@59a6e353]" name="addNewCustomer" duration-ms="7932" started-at="2022-07-27T15:31:07Z" finished-at="2022-07-27T15:31:15Z">
          <reporter-output>
          </reporter-output>
        </test-method> <!-- addNewCustomer -->
        <test-method status="PASS" signature="tearDown()[pri:0, instance:com.nopcommerce.testCases.TC_AddCustomerTest_003@59a6e353]" name="tearDown" is-config="true" duration-ms="720" started-at="2022-07-27T15:31:15Z" finished-at="2022-07-27T15:31:16Z">
          <reporter-output>
          </reporter-output>
        </test-method> <!-- tearDown -->
      </class> <!-- com.nopcommerce.testCases.TC_AddCustomerTest_003 -->
    </test> <!-- nopcommerceTest1 -->
  </suite> <!-- nopcommerceV1 -->
</testng-results>
